2025-05-10 11:32:04,105 - INFO - Running merge_data.py standalone
2025-05-10 11:32:04,135 - INFO - Loaded 22037 card_sku_id values from C:\Users\mprov\PycharmProjects\mtg_price_predictor\data\raw\card_list.csv
2025-05-10 11:32:04,395 - INFO - Connected to TimescaleDB database: tsdb
2025-05-10 11:32:28,877 - INFO - Filtered to 16035 card_sku_id values with >= 12 sales over 60 days
2025-05-10 11:32:28,879 - INFO - Querying table: market_prices
2025-05-10 11:32:35,755 - INFO - Queried market_prices with 897956 records in 6.88 seconds
2025-05-10 11:32:35,755 - INFO - Querying table: sales_history
2025-05-10 11:32:54,020 - INFO - Queried sales_history with 1671935 records in 18.26 seconds
2025-05-10 11:32:54,021 - INFO - Querying table: listings
2025-05-10 11:33:38,901 - INFO - Queried listings with 6724910 records in 44.88 seconds
2025-05-10 11:33:39,087 - INFO - Market data fetch from TimescaleDB completed successfully
2025-05-10 11:33:39,641 - INFO - Loaded 284714 card_attributes records
2025-05-10 11:33:39,641 - INFO - Starting merge_data execution
2025-05-10 11:33:39,641 - INFO - Input sizes: market_prices=897956, sales_history=1671935, listings=6724910, card_attributes=284714
2025-05-10 11:33:39,773 - INFO - Merged data size: 897956
2025-05-10 11:33:39,774 - INFO - Saved diagnostics to C:\Users\mprov\PycharmProjects\mtg_price_predictor\logs\merge_data_diagnostic_20250510_113339.json
2025-05-10 11:33:39,774 - INFO - Completed merge_data execution
2025-05-10 11:43:15,121 - INFO - Running merge_data.py standalone
2025-05-10 11:43:15,149 - INFO - Loaded 22037 card_sku_id values from C:\Users\mprov\PycharmProjects\mtg_price_predictor\data\raw\card_list.csv
2025-05-10 11:43:15,328 - INFO - Connected to TimescaleDB database: tsdb
2025-05-10 11:43:39,848 - INFO - Filtered to 16035 card_sku_id values with >= 12 sales over 60 days
2025-05-10 11:43:39,850 - INFO - Querying table: market_prices
2025-05-10 11:43:45,900 - INFO - Queried market_prices with 897956 records in 6.05 seconds
2025-05-10 11:43:45,900 - INFO - Querying table: sales_history
2025-05-10 11:44:04,491 - INFO - Queried sales_history with 1671935 records in 18.59 seconds
2025-05-10 11:44:04,491 - INFO - Querying table: listings
2025-05-10 11:44:47,187 - INFO - Queried listings with 6724910 records in 42.70 seconds
2025-05-10 11:44:47,379 - INFO - Market data fetch from TimescaleDB completed successfully
2025-05-10 11:44:47,930 - INFO - Loaded 284714 card_attributes records
2025-05-10 11:44:47,930 - INFO - Starting merge_data execution
2025-05-10 11:44:47,930 - INFO - Input sizes: market_prices=897956, sales_history=1671935, listings=6724910, card_attributes=284714
2025-05-10 11:44:48,104 - INFO - Filtered card_attributes to 16035 relevant records
2025-05-10 11:45:39,973 - INFO - Filtered 46466 outliers from price
2025-05-10 11:45:45,312 - INFO - Merged data size: 6624411
2025-05-10 11:46:02,824 - INFO - Outlier validation stats: {'25x': 340, '50x': 93, '100x': 38}
2025-05-10 11:46:03,579 - INFO - Saved diagnostics to C:\Users\mprov\PycharmProjects\mtg_price_predictor\logs\merge_data_diagnostic_20250510_114603.json
2025-05-10 11:46:03,594 - INFO - Completed merge_data execution
