2025-05-09 20:27:57,665 - INFO - Loading card data from C:\Users\mprov\PycharmProjects\mtg_price_predictor\data\raw\card_list.csv
2025-05-09 20:27:57,689 - INFO - Loaded 22037 cards from C:\Users\mprov\PycharmProjects\mtg_price_predictor\data\raw\card_list.csv
2025-05-09 20:27:57,689 - INFO - Loading card attributes from C:\Users\mprov\PycharmProjects\mtg_price_predictor\data\raw\card_attributes.csv
2025-05-09 20:27:57,841 - INFO - Loaded 284714 card attributes from C:\Users\mprov\PycharmProjects\mtg_price_predictor\data\raw\card_attributes.csv
2025-05-09 20:27:57,868 - INFO - Merged data contains 22037 cards with attributes
2025-05-09 20:27:58,156 - INFO - Saved 22037 cards to C:\Users\mprov\PycharmProjects\mtg_price_predictor\data\raw\card_data_20250509_202757.json
2025-05-09 20:27:58,164 - INFO - Card data processing completed successfully
2025-05-09 20:27:58,194 - INFO - Loaded 22037 card_sku_id values from C:\Users\mprov\PycharmProjects\mtg_price_predictor\data\raw\card_list.csv
2025-05-09 20:27:58,414 - INFO - Connected to TimescaleDB database: tsdb
2025-05-09 20:28:23,610 - INFO - Filtered to 16021 card_sku_id values with >= 12 sales over 60 days
2025-05-09 20:28:23,615 - INFO - Querying table: market_prices
2025-05-09 20:28:30,660 - INFO - Queried market_prices with 897172 records in 7.04 seconds
2025-05-09 20:28:30,660 - INFO - Querying table: sales_history
2025-05-09 20:28:49,162 - INFO - Queried sales_history with 1644689 records in 18.50 seconds
2025-05-09 20:28:49,163 - INFO - Querying table: listings
2025-05-09 20:29:34,996 - INFO - Queried listings with 2523088 records in 45.83 seconds
2025-05-09 20:29:35,063 - INFO - Market data fetch from TimescaleDB completed successfully
2025-05-09 20:29:35,219 - INFO - Starting data cleaning with card and market DataFrames
2025-05-09 20:29:35,360 - INFO - Processed market_prices with 897172 records
2025-05-09 20:29:35,957 - INFO - Aggregated sales_history to 563516 daily records
2025-05-09 20:29:36,307 - INFO - Processed listings with 2523088 records
2025-05-09 20:29:36,521 - INFO - Merged market_prices with 897172 records
2025-05-09 20:29:36,899 - INFO - Merged sales_history with 563516 records
2025-05-09 20:29:37,828 - INFO - Merged listings with 2523088 records
2025-05-09 20:29:38,355 - INFO - After filtering card_sku_id with no SQL table data, 2757625 rows remain
2025-05-09 20:29:38,984 - INFO - After cleaning, 2757625 rows remain
2025-05-09 20:29:51,334 - INFO - Saved cleaned data to C:\Users\mprov\PycharmProjects\mtg_price_predictor\data\processed\cleaned_data_20250509_202938.json
2025-05-09 20:29:51,334 - INFO - Data cleaning completed successfully
