2025-05-10 15:18:56,279 - INFO - Starting pipeline execution
2025-05-10 15:18:56,279 - INFO - Fetching market data
2025-05-10 15:18:56,307 - INFO - Loaded 22037 card_sku_id values from C:\Users\mprov\PycharmProjects\mtg_price_predictor\data\raw\card_list.csv
2025-05-10 15:18:56,536 - INFO - Connected to TimescaleDB database: tsdb
2025-05-10 15:19:34,290 - INFO - Filtered to 16035 card_sku_id values with >= 12 sales over 60 days
2025-05-10 15:19:34,292 - INFO - Querying table: market_prices
2025-05-10 15:19:41,527 - INFO - Queried market_prices with 913991 records in 7.24 seconds
2025-05-10 15:19:41,527 - INFO - Querying table: sales_history
2025-05-10 15:20:01,849 - INFO - Queried sales_history with 1671935 records in 20.32 seconds
2025-05-10 15:20:01,854 - INFO - Querying table: listings
2025-05-10 15:20:54,769 - INFO - Queried listings with 6724910 records in 52.91 seconds
2025-05-10 15:20:54,988 - INFO - Market data fetch from TimescaleDB completed successfully
2025-05-10 15:20:55,462 - INFO - Fetched market data: 913991 market_prices, 1671935 sales_history, 6724910 listings
2025-05-10 15:20:55,463 - INFO - Loading card attributes
2025-05-10 15:20:55,621 - INFO - Loaded 284714 card_attributes records
2025-05-10 15:20:55,622 - INFO - Running merge_data
2025-05-10 15:20:55,622 - INFO - Starting merge_data execution
2025-05-10 15:20:55,622 - INFO - Created default filters at C:\Users\mprov\PycharmProjects\mtg_price_predictor\config\filters.json
2025-05-10 15:20:55,622 - INFO - Received input sizes: market_prices=913991, sales_history=1671935, listings=6724910, card_attributes=284714
2025-05-10 15:20:55,629 - INFO - Raw NaN counts: {'direct_low_raw_nans': 361366, 'market_raw_nans': 0, 'low_raw_nans': 4592, 'lowest_list_raw_nans': 4592}
2025-05-10 15:20:55,831 - INFO - Filtered card_attributes to 16035 relevant records
2025-05-10 15:22:06,558 - ERROR - Error in merge_data: 'quantity'
2025-05-10 15:22:06,559 - INFO - Error logged to C:\Users\mprov\PycharmProjects\mtg_price_predictor\logs\error_log.json: merge_data
2025-05-10 15:22:06,560 - ERROR - Failed to merge data: 'quantity'
2025-05-10 15:22:06,560 - ERROR - Pipeline failed: 'quantity'
