2025-05-10 12:47:29,260 - INFO - Starting pipeline execution
2025-05-10 12:47:29,260 - INFO - Fetching market data
2025-05-10 12:47:29,292 - INFO - Loaded 22037 card_sku_id values from C:\Users\mprov\PycharmProjects\mtg_price_predictor\data\raw\card_list.csv
2025-05-10 12:47:29,420 - INFO - Connected to TimescaleDB database: tsdb
2025-05-10 12:47:54,036 - INFO - Filtered to 16035 card_sku_id values with >= 12 sales over 60 days
2025-05-10 12:47:54,039 - INFO - Querying table: market_prices
2025-05-10 12:48:00,090 - INFO - Queried market_prices with 897956 records in 6.05 seconds
2025-05-10 12:48:00,091 - INFO - Querying table: sales_history
2025-05-10 12:48:18,801 - INFO - Queried sales_history with 1671935 records in 18.71 seconds
2025-05-10 12:48:18,802 - INFO - Querying table: listings
2025-05-10 12:49:04,335 - INFO - Queried listings with 6724910 records in 45.53 seconds
2025-05-10 12:49:04,520 - INFO - Market data fetch from TimescaleDB completed successfully
2025-05-10 12:49:04,940 - INFO - Fetched market data: 897956 market_prices, 1671935 sales_history, 6724910 listings
2025-05-10 12:49:04,940 - INFO - Loading card attributes
2025-05-10 12:49:05,097 - INFO - Loaded 284714 card_attributes records
2025-05-10 12:49:05,097 - INFO - Running merge_data
2025-05-10 12:49:05,097 - INFO - Starting merge_data execution
2025-05-10 12:49:05,097 - INFO - Received input sizes: market_prices=897956, sales_history=1671935, listings=6724910, card_attributes=284714
2025-05-10 12:49:05,280 - INFO - Filtered card_attributes to 16035 relevant records
2025-05-10 12:49:58,664 - INFO - Filtered 46466 outliers from price
2025-05-10 12:50:14,424 - INFO - Merged data size: 7038364
2025-05-10 12:50:14,523 - INFO - Outlier validation stats: {'25x': 362, '50x': 104, '100x': 41}
2025-05-10 12:50:15,353 - INFO - Saved diagnostics to C:\Users\mprov\PycharmProjects\mtg_price_predictor\logs\merge_data_diagnostic_20250510_125015.json
2025-05-10 12:50:15,368 - INFO - Merged data size: 7038364
2025-05-10 12:50:15,368 - INFO - Merge stats: {'record_counts': {'market_prices': 897956, 'sales_history': 1671935, 'sales_history_filtered': 1625469, 'listings': 6724910, 'card_attributes': 16035, 'merged': 7038364}, 'nan_counts': {'low': 0, 'market': 0, 'direct_low': 96185, 'price': 426548, 'quantity': 0, 'direct_inventory_count': 0, 'sales_quantity': 0, 'sales_price_max': 0}, 'low_inventory': {'count': 1805055, 'proportion': 0.2730044211756649}, 'outlier_stats': {'removed_count': 46466, 'removed_proportion': 0.027791750277373222, 'price_min': 32.2, 'price_max': 500.0, 'price_mean': 50.6034582275212, 'price_median': 42.92, 'validation': {'25x': 362, '50x': 104, '100x': 41}}, 'direct_low_zero_count': 0, 'non_zero_sales': 4813684, 'correlation': np.float64(0.04882780526762773)}
2025-05-10 12:51:39,977 - INFO - Saved merged data to C:\Users\mprov\PycharmProjects\mtg_price_predictor\data\processed\merged_data_20250510_125015.csv
2025-05-10 12:51:39,978 - INFO - Pipeline execution completed
